

*******************************************************************************
Sat Mar 23 18:22:27 2019


FIT:    data read from "SecuencialPeorTeorico.dat" using 1:2
        format = x:z
        #datapoints = 10
        residuals are weighted equally (unit weight)

function used for fitting: N(x)
fitted parameters initialized with current variable values



 Iteration 0
 WSSR        : 1.38653e+010      delta(WSSR)/WSSR   : 0
 delta(WSSR) : 0                 limit for stopping : 1e-005
 lambda	  : 4387.48

initial set of free parameter values

a               = 1
b               = 1

After 11 iterations the fit converged.
final sum of squares of residuals : 0
abs. change during last iteration : -8.27181e-025


Hmmmm.... Sum of squared residuals is zero. Can't compute errors.

Final set of parameters 
======================= 

a               = 7              
b               = 9              


*******************************************************************************
Sat Mar 23 18:22:56 2019


FIT:    data read from "SecuencialPeorTeorico.dat" using 1:2
        format = x:z
        #datapoints = 10
        residuals are weighted equally (unit weight)

function used for fitting: N(x)
fitted parameters initialized with current variable values



 Iteration 0
 WSSR        : 1.38653e+010      delta(WSSR)/WSSR   : 0
 delta(WSSR) : 0                 limit for stopping : 1e-005
 lambda	  : 4387.48

initial set of free parameter values

a               = 1
b               = 1

After 11 iterations the fit converged.
final sum of squares of residuals : 0
abs. change during last iteration : -8.27181e-025


Hmmmm.... Sum of squared residuals is zero. Can't compute errors.

Final set of parameters 
======================= 

a               = 7              
b               = 9              


*******************************************************************************
Sat Mar 23 18:26:19 2019


FIT:    data read from "SecuencialMejorTeorico.dat" using 1:2
        format = x:z
        #datapoints = 10
        residuals are weighted equally (unit weight)

function used for fitting: C(x)
fitted parameters initialized with current variable values



 Iteration 0
 WSSR        : 640               delta(WSSR)/WSSR   : 0
 delta(WSSR) : 0                 limit for stopping : 1e-005
 lambda	  : 1

initial set of free parameter values

a               = 1

After 4 iterations the fit converged.
final sum of squares of residuals : 0
abs. change during last iteration : -5.27859e-016


Hmmmm.... Sum of squared residuals is zero. Can't compute errors.

Final set of parameters 
======================= 

a               = 9              


*******************************************************************************
Sat Mar 23 18:26:42 2019


FIT:    data read from "SecuencialPeorTeorico.dat" using 1:2
        format = x:z
        #datapoints = 10
        residuals are weighted equally (unit weight)

function used for fitting: N(x)
fitted parameters initialized with current variable values



 Iteration 0
 WSSR        : 1.38653e+010      delta(WSSR)/WSSR   : 0
 delta(WSSR) : 0                 limit for stopping : 1e-005
 lambda	  : 4387.48

initial set of free parameter values

a               = 1
b               = 1

After 11 iterations the fit converged.
final sum of squares of residuals : 0
abs. change during last iteration : -8.27181e-025


Hmmmm.... Sum of squared residuals is zero. Can't compute errors.

Final set of parameters 
======================= 

a               = 7              
b               = 9              


*******************************************************************************
Sat Mar 23 18:26:52 2019


FIT:    data read from "SecuencialPeorTeorico.dat" using 1:2
        format = x:z
        #datapoints = 10
        residuals are weighted equally (unit weight)

function used for fitting: N(x)
fitted parameters initialized with current variable values



 Iteration 0
 WSSR        : 1.38653e+010      delta(WSSR)/WSSR   : 0
 delta(WSSR) : 0                 limit for stopping : 1e-005
 lambda	  : 4387.48

initial set of free parameter values

a               = 1
b               = 1

After 11 iterations the fit converged.
final sum of squares of residuals : 0
abs. change during last iteration : -8.27181e-025


Hmmmm.... Sum of squared residuals is zero. Can't compute errors.

Final set of parameters 
======================= 

a               = 7              
b               = 9              


*******************************************************************************
Sat Mar 23 18:28:41 2019


FIT:    data read from "SecuencialMedioTeorico.dat" using 1:2
        format = x:z
        #datapoints = 10
        residuals are weighted equally (unit weight)

function used for fitting: N(x)
fitted parameters initialized with current variable values



 Iteration 0
 WSSR        : 2.40845e+009      delta(WSSR)/WSSR   : 0
 delta(WSSR) : 0                 limit for stopping : 1e-005
 lambda	  : 4387.48

initial set of free parameter values

a               = 1
b               = 1

After 9 iterations the fit converged.
final sum of squares of residuals : 0
abs. change during last iteration : -1.25731e-022


Hmmmm.... Sum of squared residuals is zero. Can't compute errors.

Final set of parameters 
======================= 

a               = 3.5            
b               = 9              


*******************************************************************************
Sat Mar 23 18:31:50 2019


FIT:    data read from "SecuencialPeorTeorico.dat" using 1:2
        format = x:z
        #datapoints = 10
        residuals are weighted equally (unit weight)

function used for fitting: N(x)
fitted parameters initialized with current variable values



 Iteration 0
 WSSR        : 1.38653e+010      delta(WSSR)/WSSR   : 0
 delta(WSSR) : 0                 limit for stopping : 1e-005
 lambda	  : 4387.48

initial set of free parameter values

a               = 1
b               = 1

After 11 iterations the fit converged.
final sum of squares of residuals : 0
abs. change during last iteration : -8.27181e-025


Hmmmm.... Sum of squared residuals is zero. Can't compute errors.

Final set of parameters 
======================= 

a               = 7              
b               = 9              


*******************************************************************************
Sat Mar 30 10:35:15 2019


FIT:    data read from "SecuencialPeorTeorico.dat" using 1:2
        format = x:z
        #datapoints = 10
        residuals are weighted equally (unit weight)

function used for fitting: N(x)
fitted parameters initialized with current variable values



 Iteration 0
 WSSR        : 3.85102e+008      delta(WSSR)/WSSR   : 0
 delta(WSSR) : 0                 limit for stopping : 1e-005
 lambda	  : 4387.48

initial set of free parameter values

a               = 1
b               = 1

After 8 iterations the fit converged.
final sum of squares of residuals : 0.000680393
rel. change during last iteration : -1.75284e-015

degrees of freedom    (FIT_NDF)                        : 8
rms of residuals      (FIT_STDFIT) = sqrt(WSSR/ndf)    : 0.00922221
variance of residuals (reduced chisquare) = WSSR/ndf   : 8.50491e-005

Final set of parameters            Asymptotic Standard Error
=======================            ==========================

a               = 1.37345e-005     +/- 1.015e-006   (7.393%)
b               = -0.0250827       +/- 0.0063       (25.12%)


correlation matrix of the fit parameters:

               a      b      
a               1.000 
b              -0.886  1.000 


*******************************************************************************
Sat Mar 30 10:36:23 2019


FIT:    data read from "SecuencialMedioTeorico.dat" using 1:2
        format = x:z
        #datapoints = 10
        residuals are weighted equally (unit weight)

function used for fitting: N(x)
fitted parameters initialized with current variable values



 Iteration 0
 WSSR        : 2.40845e+009      delta(WSSR)/WSSR   : 0
 delta(WSSR) : 0                 limit for stopping : 1e-005
 lambda	  : 4387.48

initial set of free parameter values

a               = 1
b               = 1

After 9 iterations the fit converged.
final sum of squares of residuals : 0
abs. change during last iteration : -1.25731e-022


Hmmmm.... Sum of squared residuals is zero. Can't compute errors.

Final set of parameters 
======================= 

a               = 3.5            
b               = 9              


*******************************************************************************
Sat Mar 30 10:36:23 2019


FIT:    data read from "SecuencialPeorTeorico.dat" using 1:2
        format = x:z
        #datapoints = 10
        residuals are weighted equally (unit weight)

function used for fitting: N(x)
fitted parameters initialized with current variable values



 Iteration 0
 WSSR        : 3.85102e+008      delta(WSSR)/WSSR   : 0
 delta(WSSR) : 0                 limit for stopping : 1e-005
 lambda	  : 4387.48

initial set of free parameter values

a               = 1
b               = 1

After 8 iterations the fit converged.
final sum of squares of residuals : 0.000680393
rel. change during last iteration : -1.75284e-015

degrees of freedom    (FIT_NDF)                        : 8
rms of residuals      (FIT_STDFIT) = sqrt(WSSR/ndf)    : 0.00922221
variance of residuals (reduced chisquare) = WSSR/ndf   : 8.50491e-005

Final set of parameters            Asymptotic Standard Error
=======================            ==========================

a               = 1.37345e-005     +/- 1.015e-006   (7.393%)
b               = -0.0250827       +/- 0.0063       (25.12%)


correlation matrix of the fit parameters:

               a      b      
a               1.000 
b              -0.886  1.000 


*******************************************************************************
Sat Mar 30 10:36:23 2019


FIT:    data read from "SecuencialMejorTeorico.dat" using 1:2
        format = x:z
        #datapoints = 10
        residuals are weighted equally (unit weight)

function used for fitting: C(x)
fitted parameters initialized with current variable values



 Iteration 0
 WSSR        : 640               delta(WSSR)/WSSR   : 0
 delta(WSSR) : 0                 limit for stopping : 1e-005
 lambda	  : 1

initial set of free parameter values

a               = 1

After 4 iterations the fit converged.
final sum of squares of residuals : 0
abs. change during last iteration : -5.27859e-016


Hmmmm.... Sum of squared residuals is zero. Can't compute errors.

Final set of parameters 
======================= 

a               = 9              


*******************************************************************************
Sat Mar 30 11:17:14 2019


FIT:    data read from "SecuencialPeorTeorico.dat" using 1:2
        format = x:z
        #datapoints = 10
        residuals are weighted equally (unit weight)

function used for fitting: N(x)
fitted parameters initialized with current variable values



 Iteration 0
 WSSR        : 3.85102e+008      delta(WSSR)/WSSR   : 0
 delta(WSSR) : 0                 limit for stopping : 1e-005
 lambda	  : 4387.48

initial set of free parameter values

a               = 1
b               = 1

After 8 iterations the fit converged.
final sum of squares of residuals : 0.000680393
rel. change during last iteration : -1.75284e-015

degrees of freedom    (FIT_NDF)                        : 8
rms of residuals      (FIT_STDFIT) = sqrt(WSSR/ndf)    : 0.00922221
variance of residuals (reduced chisquare) = WSSR/ndf   : 8.50491e-005

Final set of parameters            Asymptotic Standard Error
=======================            ==========================

a               = 1.37345e-005     +/- 1.015e-006   (7.393%)
b               = -0.0250827       +/- 0.0063       (25.12%)


correlation matrix of the fit parameters:

               a      b      
a               1.000 
b              -0.886  1.000 


*******************************************************************************
Sat Mar 30 11:17:34 2019


FIT:    data read from "SecuencialPeorTeorico.dat" using 1:2
        format = x:z
	y range restricted to [1000.00 : 10000.0]
        #datapoints = 10
        residuals are weighted equally (unit weight)

function used for fitting: N(x)
fitted parameters initialized with current variable values



 Iteration 0
 WSSR        : 3.85102e+008      delta(WSSR)/WSSR   : 0
 delta(WSSR) : 0                 limit for stopping : 1e-005
 lambda	  : 4387.48

initial set of free parameter values

a               = 1
b               = 1

After 8 iterations the fit converged.
final sum of squares of residuals : 0.000680393
rel. change during last iteration : -1.75284e-015

degrees of freedom    (FIT_NDF)                        : 8
rms of residuals      (FIT_STDFIT) = sqrt(WSSR/ndf)    : 0.00922221
variance of residuals (reduced chisquare) = WSSR/ndf   : 8.50491e-005

Final set of parameters            Asymptotic Standard Error
=======================            ==========================

a               = 1.37345e-005     +/- 1.015e-006   (7.393%)
b               = -0.0250827       +/- 0.0063       (25.12%)


correlation matrix of the fit parameters:

               a      b      
a               1.000 
b              -0.886  1.000 


*******************************************************************************
Sat Mar 30 11:17:51 2019


FIT:    data read from "SecuencialPeorTeorico.dat" using 1:2
        format = x:z
        #datapoints = 10
        residuals are weighted equally (unit weight)

function used for fitting: N(x)
fitted parameters initialized with current variable values



 Iteration 0
 WSSR        : 3.85102e+008      delta(WSSR)/WSSR   : 0
 delta(WSSR) : 0                 limit for stopping : 1e-005
 lambda	  : 4387.48

initial set of free parameter values

a               = 1
b               = 1

After 8 iterations the fit converged.
final sum of squares of residuals : 0.000680393
rel. change during last iteration : -1.75284e-015

degrees of freedom    (FIT_NDF)                        : 8
rms of residuals      (FIT_STDFIT) = sqrt(WSSR/ndf)    : 0.00922221
variance of residuals (reduced chisquare) = WSSR/ndf   : 8.50491e-005

Final set of parameters            Asymptotic Standard Error
=======================            ==========================

a               = 1.37345e-005     +/- 1.015e-006   (7.393%)
b               = -0.0250827       +/- 0.0063       (25.12%)


correlation matrix of the fit parameters:

               a      b      
a               1.000 
b              -0.886  1.000 


*******************************************************************************
Sat Mar 30 11:18:17 2019


FIT:    data read from "SecuencialPeorTeorico.dat" using 1:2
        format = x:z
        #datapoints = 10
        residuals are weighted equally (unit weight)

function used for fitting: N(x)
fitted parameters initialized with current variable values



 Iteration 0
 WSSR        : 3.85102e+008      delta(WSSR)/WSSR   : 0
 delta(WSSR) : 0                 limit for stopping : 1e-005
 lambda	  : 4387.48

initial set of free parameter values

a               = 1
b               = 1

After 8 iterations the fit converged.
final sum of squares of residuals : 0.000680393
rel. change during last iteration : -1.75284e-015

degrees of freedom    (FIT_NDF)                        : 8
rms of residuals      (FIT_STDFIT) = sqrt(WSSR/ndf)    : 0.00922221
variance of residuals (reduced chisquare) = WSSR/ndf   : 8.50491e-005

Final set of parameters            Asymptotic Standard Error
=======================            ==========================

a               = 1.37345e-005     +/- 1.015e-006   (7.393%)
b               = -0.0250827       +/- 0.0063       (25.12%)


correlation matrix of the fit parameters:

               a      b      
a               1.000 
b              -0.886  1.000 


*******************************************************************************
Sat Mar 30 11:18:51 2019


FIT:    data read from "SecuencialPeorTeorico.dat" using 1:2
        format = x:z
        #datapoints = 10
        residuals are weighted equally (unit weight)

function used for fitting: N(x)
fitted parameters initialized with current variable values



 Iteration 0
 WSSR        : 1.38653e+010      delta(WSSR)/WSSR   : 0
 delta(WSSR) : 0                 limit for stopping : 1e-005
 lambda	  : 4387.48

initial set of free parameter values

a               = 1
b               = 1

After 11 iterations the fit converged.
final sum of squares of residuals : 0
abs. change during last iteration : -8.27181e-025


Hmmmm.... Sum of squared residuals is zero. Can't compute errors.

Final set of parameters 
======================= 

a               = 7              
b               = 9              


*******************************************************************************
Sat Mar 30 11:19:00 2019


FIT:    data read from "SecuencialMedioTeorico.dat" using 1:2
        format = x:z
        #datapoints = 10
        residuals are weighted equally (unit weight)

function used for fitting: N(x)
fitted parameters initialized with current variable values



 Iteration 0
 WSSR        : 2.40845e+009      delta(WSSR)/WSSR   : 0
 delta(WSSR) : 0                 limit for stopping : 1e-005
 lambda	  : 4387.48

initial set of free parameter values

a               = 1
b               = 1

After 9 iterations the fit converged.
final sum of squares of residuals : 0
abs. change during last iteration : -1.25731e-022


Hmmmm.... Sum of squared residuals is zero. Can't compute errors.

Final set of parameters 
======================= 

a               = 3.5            
b               = 9              


*******************************************************************************
Sat Mar 30 11:19:14 2019


FIT:    data read from "SecuencialMejorTeorico.dat" using 1:2
        format = x:z
        #datapoints = 10
        residuals are weighted equally (unit weight)

function used for fitting: C(x)
fitted parameters initialized with current variable values



 Iteration 0
 WSSR        : 640               delta(WSSR)/WSSR   : 0
 delta(WSSR) : 0                 limit for stopping : 1e-005
 lambda	  : 1

initial set of free parameter values

a               = 1

After 4 iterations the fit converged.
final sum of squares of residuals : 0
abs. change during last iteration : -5.27859e-016


Hmmmm.... Sum of squared residuals is zero. Can't compute errors.

Final set of parameters 
======================= 

a               = 9              


*******************************************************************************
Sat Mar 30 11:19:20 2019


FIT:    data read from "SecuencialPeorTeorico.dat" using 1:2
        format = x:z
        #datapoints = 10
        residuals are weighted equally (unit weight)

function used for fitting: N(x)
fitted parameters initialized with current variable values



 Iteration 0
 WSSR        : 1.38653e+010      delta(WSSR)/WSSR   : 0
 delta(WSSR) : 0                 limit for stopping : 1e-005
 lambda	  : 4387.48

initial set of free parameter values

a               = 1
b               = 1

After 11 iterations the fit converged.
final sum of squares of residuals : 0
abs. change during last iteration : -8.27181e-025


Hmmmm.... Sum of squared residuals is zero. Can't compute errors.

Final set of parameters 
======================= 

a               = 7              
b               = 9              


*******************************************************************************
Sat Mar 30 11:19:37 2019


FIT:    data read from "SecuencialPeorTeorico.dat" using 1:2
        format = x:z
        #datapoints = 10
        residuals are weighted equally (unit weight)

function used for fitting: N(x)
fitted parameters initialized with current variable values



 Iteration 0
 WSSR        : 1.38653e+010      delta(WSSR)/WSSR   : 0
 delta(WSSR) : 0                 limit for stopping : 1e-005
 lambda	  : 4387.48

initial set of free parameter values

a               = 1
b               = 1

After 11 iterations the fit converged.
final sum of squares of residuals : 0
abs. change during last iteration : -8.27181e-025


Hmmmm.... Sum of squared residuals is zero. Can't compute errors.

Final set of parameters 
======================= 

a               = 7              
b               = 9              


*******************************************************************************
Sat Mar 30 11:19:37 2019


FIT:    data read from "SecuencialMedioTeorico.dat" using 1:2
        format = x:z
        #datapoints = 10
        residuals are weighted equally (unit weight)

function used for fitting: N(x)
fitted parameters initialized with current variable values



 Iteration 0
 WSSR        : 4.71625e+009      delta(WSSR)/WSSR   : 0
 delta(WSSR) : 0                 limit for stopping : 1e-005
 lambda	  : 4387.48

initial set of free parameter values

a               = 7
b               = 9

After 8 iterations the fit converged.
final sum of squares of residuals : 0
abs. change during last iteration : -1.03398e-024


Hmmmm.... Sum of squared residuals is zero. Can't compute errors.

Final set of parameters 
======================= 

a               = 3.5            
b               = 9              


*******************************************************************************
Sat Mar 30 11:19:50 2019


FIT:    data read from "SecuencialPeorTeorico.dat" using 1:2
        format = x:z
        #datapoints = 10
        residuals are weighted equally (unit weight)

function used for fitting: N(x)
fitted parameters initialized with current variable values



 Iteration 0
 WSSR        : 1.38653e+010      delta(WSSR)/WSSR   : 0
 delta(WSSR) : 0                 limit for stopping : 1e-005
 lambda	  : 4387.48

initial set of free parameter values

a               = 1
b               = 1

After 11 iterations the fit converged.
final sum of squares of residuals : 0
abs. change during last iteration : -8.27181e-025


Hmmmm.... Sum of squared residuals is zero. Can't compute errors.

Final set of parameters 
======================= 

a               = 7              
b               = 9              


*******************************************************************************
Sat Mar 30 11:19:50 2019


FIT:    data read from "SecuencialMedioTeorico.dat" using 1:2
        format = x:z
        #datapoints = 10
        residuals are weighted equally (unit weight)

function used for fitting: M(x)
fitted parameters initialized with current variable values



 Iteration 0
 WSSR        : 4.71625e+009      delta(WSSR)/WSSR   : 0
 delta(WSSR) : 0                 limit for stopping : 1e-005
 lambda	  : 4387.48

initial set of free parameter values

a               = 7
b               = 9

After 8 iterations the fit converged.
final sum of squares of residuals : 0
abs. change during last iteration : -1.03398e-024


Hmmmm.... Sum of squared residuals is zero. Can't compute errors.

Final set of parameters 
======================= 

a               = 3.5            
b               = 9              


*******************************************************************************
Sat Mar 30 11:21:37 2019


FIT:    data read from "SecuencialPeorTeorico.dat" using 1:2
        format = x:z
        #datapoints = 10
        residuals are weighted equally (unit weight)

function used for fitting: N(x)
fitted parameters initialized with current variable values



 Iteration 0
 WSSR        : 1.38653e+010      delta(WSSR)/WSSR   : 0
 delta(WSSR) : 0                 limit for stopping : 1e-005
 lambda	  : 4387.48

initial set of free parameter values

a               = 1
b               = 1

After 11 iterations the fit converged.
final sum of squares of residuals : 0
abs. change during last iteration : -8.27181e-025


Hmmmm.... Sum of squared residuals is zero. Can't compute errors.

Final set of parameters 
======================= 

a               = 7              
b               = 9              


*******************************************************************************
Sat Mar 30 11:21:37 2019


FIT:    data read from "SecuencialMedioTeorico.dat" using 1:2
        format = x:z
        #datapoints = 10
        residuals are weighted equally (unit weight)

function used for fitting: M(x)
fitted parameters initialized with current variable values



 Iteration 0
 WSSR        : 4.71625e+009      delta(WSSR)/WSSR   : 0
 delta(WSSR) : 0                 limit for stopping : 1e-005
 lambda	  : 4387.48

initial set of free parameter values

a               = 7
b               = 9

After 8 iterations the fit converged.
final sum of squares of residuals : 0
abs. change during last iteration : -1.03398e-024


Hmmmm.... Sum of squared residuals is zero. Can't compute errors.

Final set of parameters 
======================= 

a               = 3.5            
b               = 9              


*******************************************************************************
Sat Mar 30 11:21:59 2019


FIT:    data read from "SecuencialPeorTeorico.dat" using 1:2
        format = x:z
        #datapoints = 10
        residuals are weighted equally (unit weight)

function used for fitting: N(x)
fitted parameters initialized with current variable values



 Iteration 0
 WSSR        : 1.38653e+010      delta(WSSR)/WSSR   : 0
 delta(WSSR) : 0                 limit for stopping : 1e-005
 lambda	  : 4387.48

initial set of free parameter values

a               = 1
b               = 1

After 11 iterations the fit converged.
final sum of squares of residuals : 0
abs. change during last iteration : -8.27181e-025


Hmmmm.... Sum of squared residuals is zero. Can't compute errors.

Final set of parameters 
======================= 

a               = 7              
b               = 9              


*******************************************************************************
Sat Mar 30 11:21:59 2019


FIT:    data read from "SecuencialMedioTeorico.dat" using 1:2
        format = x:z
        #datapoints = 10
        residuals are weighted equally (unit weight)

function used for fitting: M(x)
fitted parameters initialized with current variable values



 Iteration 0
 WSSR        : 2.40845e+009      delta(WSSR)/WSSR   : 0
 delta(WSSR) : 0                 limit for stopping : 1e-005
 lambda	  : 4387.48

initial set of free parameter values

c               = 1
d               = 1

After 9 iterations the fit converged.
final sum of squares of residuals : 0
abs. change during last iteration : -1.25731e-022


Hmmmm.... Sum of squared residuals is zero. Can't compute errors.

Final set of parameters 
======================= 

c               = 3.5            
d               = 9              


*******************************************************************************
Sat Mar 30 11:22:50 2019


FIT:    data read from "SecuencialPeorTeorico.dat" using 1:2
        format = x:z
        #datapoints = 10
        residuals are weighted equally (unit weight)

function used for fitting: N(x)
fitted parameters initialized with current variable values



 Iteration 0
 WSSR        : 1.38653e+010      delta(WSSR)/WSSR   : 0
 delta(WSSR) : 0                 limit for stopping : 1e-005
 lambda	  : 4387.48

initial set of free parameter values

a               = 1
b               = 1

After 11 iterations the fit converged.
final sum of squares of residuals : 0
abs. change during last iteration : -8.27181e-025


Hmmmm.... Sum of squared residuals is zero. Can't compute errors.

Final set of parameters 
======================= 

a               = 7              
b               = 9              


*******************************************************************************
Sat Mar 30 11:22:50 2019


FIT:    data read from "SecuencialMedioTeorico.dat" using 1:2
        format = x:z
        #datapoints = 10
        residuals are weighted equally (unit weight)

function used for fitting: M(x)
fitted parameters initialized with current variable values



 Iteration 0
 WSSR        : 2.40845e+009      delta(WSSR)/WSSR   : 0
 delta(WSSR) : 0                 limit for stopping : 1e-005
 lambda	  : 4387.48

initial set of free parameter values

c               = 1
d               = 1

After 9 iterations the fit converged.
final sum of squares of residuals : 0
abs. change during last iteration : -1.25731e-022


Hmmmm.... Sum of squared residuals is zero. Can't compute errors.

Final set of parameters 
======================= 

c               = 3.5            
d               = 9              


*******************************************************************************
Sat Mar 30 11:22:50 2019


FIT:    data read from "SecuencialMejorTeorico.dat" using 1:2
        format = x:z
        #datapoints = 10
        residuals are weighted equally (unit weight)

function used for fitting: C(x)
fitted parameters initialized with current variable values



 Iteration 0
 WSSR        : 640               delta(WSSR)/WSSR   : 0
 delta(WSSR) : 0                 limit for stopping : 1e-005
 lambda	  : 1

initial set of free parameter values

e               = 1

After 4 iterations the fit converged.
final sum of squares of residuals : 0
abs. change during last iteration : -5.27859e-016


Hmmmm.... Sum of squared residuals is zero. Can't compute errors.

Final set of parameters 
======================= 

e               = 9              


*******************************************************************************
Sat Mar 30 11:24:55 2019


FIT:    data read from "SecuencialPeorEmpirico.dat" using 1:2
        format = x:z
        #datapoints = 10
        residuals are weighted equally (unit weight)

function used for fitting: N(x)
fitted parameters initialized with current variable values



 Iteration 0
 WSSR        : 3.84873e+008      delta(WSSR)/WSSR   : 0
 delta(WSSR) : 0                 limit for stopping : 1e-005
 lambda	  : 4387.48

initial set of free parameter values

a               = 1
b               = 1

After 7 iterations the fit converged.
final sum of squares of residuals : 0.643562
rel. change during last iteration : -4.595e-008

degrees of freedom    (FIT_NDF)                        : 8
rms of residuals      (FIT_STDFIT) = sqrt(WSSR/ndf)    : 0.283629
variance of residuals (reduced chisquare) = WSSR/ndf   : 0.0804453

Final set of parameters            Asymptotic Standard Error
=======================            ==========================

a               = 0.000417506      +/- 3.123e-005   (7.479%)
b               = -0.76676         +/- 0.1938       (25.27%)


correlation matrix of the fit parameters:

               a      b      
a               1.000 
b              -0.886  1.000 


*******************************************************************************
Sat Mar 30 11:24:55 2019


FIT:    data read from "SecuencialMedioEmpirico.dat" using 1:2
        format = x:z
        #datapoints = 10
        residuals are weighted equally (unit weight)

function used for fitting: M(x)
fitted parameters initialized with current variable values



 Iteration 0
 WSSR        : 3.85107e+008      delta(WSSR)/WSSR   : 0
 delta(WSSR) : 0                 limit for stopping : 1e-005
 lambda	  : 4387.48

initial set of free parameter values

c               = 1
d               = 1

After 8 iterations the fit converged.
final sum of squares of residuals : 0.000106669
rel. change during last iteration : -7.62311e-015

degrees of freedom    (FIT_NDF)                        : 8
rms of residuals      (FIT_STDFIT) = sqrt(WSSR/ndf)    : 0.00365153
variance of residuals (reduced chisquare) = WSSR/ndf   : 1.33337e-005

Final set of parameters            Asymptotic Standard Error
=======================            ==========================

c               = 5.5013e-006      +/- 4.02e-007    (7.308%)
d               = -0.0085406       +/- 0.002494     (29.21%)


correlation matrix of the fit parameters:

               c      d      
c               1.000 
d              -0.886  1.000 


*******************************************************************************
Sat Mar 30 11:24:55 2019


FIT:    data read from "SecuencialMejorEmpirico.dat" using 1:2
        format = x:z
        #datapoints = 10
        residuals are weighted equally (unit weight)

function used for fitting: C(x)
fitted parameters initialized with current variable values



 Iteration 0
 WSSR        : 9.98985           delta(WSSR)/WSSR   : 0
 delta(WSSR) : 0                 limit for stopping : 1e-005
 lambda	  : 1

initial set of free parameter values

e               = 1

After 4 iterations the fit converged.
final sum of squares of residuals : 7.93493e-007
rel. change during last iteration : -1.03836e-011

degrees of freedom    (FIT_NDF)                        : 9
rms of residuals      (FIT_STDFIT) = sqrt(WSSR/ndf)    : 0.000296927
variance of residuals (reduced chisquare) = WSSR/ndf   : 8.81659e-008

Final set of parameters            Asymptotic Standard Error
=======================            ==========================

e               = 0.00050755       +/- 9.39e-005    (18.5%)


correlation matrix of the fit parameters:

               e      
e               1.000 


*******************************************************************************
Sat Mar 30 11:25:29 2019


FIT:    data read from "SecuencialPeorEmpirico.dat" using 1:2
        format = x:z
        #datapoints = 10
        residuals are weighted equally (unit weight)

function used for fitting: N(x)
fitted parameters initialized with current variable values



 Iteration 0
 WSSR        : 3.84873e+008      delta(WSSR)/WSSR   : 0
 delta(WSSR) : 0                 limit for stopping : 1e-005
 lambda	  : 4387.48

initial set of free parameter values

a               = 1
b               = 1

After 7 iterations the fit converged.
final sum of squares of residuals : 0.643562
rel. change during last iteration : -4.595e-008

degrees of freedom    (FIT_NDF)                        : 8
rms of residuals      (FIT_STDFIT) = sqrt(WSSR/ndf)    : 0.283629
variance of residuals (reduced chisquare) = WSSR/ndf   : 0.0804453

Final set of parameters            Asymptotic Standard Error
=======================            ==========================

a               = 0.000417506      +/- 3.123e-005   (7.479%)
b               = -0.76676         +/- 0.1938       (25.27%)


correlation matrix of the fit parameters:

               a      b      
a               1.000 
b              -0.886  1.000 


*******************************************************************************
Sat Mar 30 11:25:29 2019


FIT:    data read from "SecuencialMedioEmpirico.dat" using 1:2
        format = x:z
        #datapoints = 10
        residuals are weighted equally (unit weight)

function used for fitting: M(x)
fitted parameters initialized with current variable values



 Iteration 0
 WSSR        : 3.85107e+008      delta(WSSR)/WSSR   : 0
 delta(WSSR) : 0                 limit for stopping : 1e-005
 lambda	  : 4387.48

initial set of free parameter values

c               = 1
d               = 1

After 8 iterations the fit converged.
final sum of squares of residuals : 0.000106669
rel. change during last iteration : -7.62311e-015

degrees of freedom    (FIT_NDF)                        : 8
rms of residuals      (FIT_STDFIT) = sqrt(WSSR/ndf)    : 0.00365153
variance of residuals (reduced chisquare) = WSSR/ndf   : 1.33337e-005

Final set of parameters            Asymptotic Standard Error
=======================            ==========================

c               = 5.5013e-006      +/- 4.02e-007    (7.308%)
d               = -0.0085406       +/- 0.002494     (29.21%)


correlation matrix of the fit parameters:

               c      d      
c               1.000 
d              -0.886  1.000 


*******************************************************************************
Sat Mar 30 11:25:29 2019


FIT:    data read from "SecuencialMejorEmpirico.dat" using 1:2
        format = x:z
        #datapoints = 10
        residuals are weighted equally (unit weight)

function used for fitting: C(x)
fitted parameters initialized with current variable values



 Iteration 0
 WSSR        : 9.98985           delta(WSSR)/WSSR   : 0
 delta(WSSR) : 0                 limit for stopping : 1e-005
 lambda	  : 1

initial set of free parameter values

e               = 1

After 4 iterations the fit converged.
final sum of squares of residuals : 7.93493e-007
rel. change during last iteration : -1.03836e-011

degrees of freedom    (FIT_NDF)                        : 9
rms of residuals      (FIT_STDFIT) = sqrt(WSSR/ndf)    : 0.000296927
variance of residuals (reduced chisquare) = WSSR/ndf   : 8.81659e-008

Final set of parameters            Asymptotic Standard Error
=======================            ==========================

e               = 0.00050755       +/- 9.39e-005    (18.5%)


correlation matrix of the fit parameters:

               e      
e               1.000 


*******************************************************************************
Sat Mar 30 11:25:56 2019


FIT:    data read from "SecuencialPeorEmpirico.dat" using 1:2
        format = x:z
        #datapoints = 10
        residuals are weighted equally (unit weight)

function used for fitting: N(x)
fitted parameters initialized with current variable values



 Iteration 0
 WSSR        : 3.84873e+008      delta(WSSR)/WSSR   : 0
 delta(WSSR) : 0                 limit for stopping : 1e-005
 lambda	  : 4387.48

initial set of free parameter values

a               = 1
b               = 1

After 7 iterations the fit converged.
final sum of squares of residuals : 0.643562
rel. change during last iteration : -4.595e-008

degrees of freedom    (FIT_NDF)                        : 8
rms of residuals      (FIT_STDFIT) = sqrt(WSSR/ndf)    : 0.283629
variance of residuals (reduced chisquare) = WSSR/ndf   : 0.0804453

Final set of parameters            Asymptotic Standard Error
=======================            ==========================

a               = 0.000417506      +/- 3.123e-005   (7.479%)
b               = -0.76676         +/- 0.1938       (25.27%)


correlation matrix of the fit parameters:

               a      b      
a               1.000 
b              -0.886  1.000 


*******************************************************************************
Sat Mar 30 11:25:56 2019


FIT:    data read from "SecuencialMedioEmpirico.dat" using 1:2
        format = x:z
        #datapoints = 10
        residuals are weighted equally (unit weight)

function used for fitting: M(x)
fitted parameters initialized with current variable values



 Iteration 0
 WSSR        : 3.85107e+008      delta(WSSR)/WSSR   : 0
 delta(WSSR) : 0                 limit for stopping : 1e-005
 lambda	  : 4387.48

initial set of free parameter values

c               = 1
d               = 1

After 8 iterations the fit converged.
final sum of squares of residuals : 0.000106669
rel. change during last iteration : -7.62311e-015

degrees of freedom    (FIT_NDF)                        : 8
rms of residuals      (FIT_STDFIT) = sqrt(WSSR/ndf)    : 0.00365153
variance of residuals (reduced chisquare) = WSSR/ndf   : 1.33337e-005

Final set of parameters            Asymptotic Standard Error
=======================            ==========================

c               = 5.5013e-006      +/- 4.02e-007    (7.308%)
d               = -0.0085406       +/- 0.002494     (29.21%)


correlation matrix of the fit parameters:

               c      d      
c               1.000 
d              -0.886  1.000 


*******************************************************************************
Sat Mar 30 11:25:56 2019


FIT:    data read from "SecuencialMejorEmpirico.dat" using 1:2
        format = x:z
        #datapoints = 10
        residuals are weighted equally (unit weight)

function used for fitting: C(x)
fitted parameters initialized with current variable values



 Iteration 0
 WSSR        : 9.98985           delta(WSSR)/WSSR   : 0
 delta(WSSR) : 0                 limit for stopping : 1e-005
 lambda	  : 1

initial set of free parameter values

e               = 1

After 4 iterations the fit converged.
final sum of squares of residuals : 7.93493e-007
rel. change during last iteration : -1.03836e-011

degrees of freedom    (FIT_NDF)                        : 9
rms of residuals      (FIT_STDFIT) = sqrt(WSSR/ndf)    : 0.000296927
variance of residuals (reduced chisquare) = WSSR/ndf   : 8.81659e-008

Final set of parameters            Asymptotic Standard Error
=======================            ==========================

e               = 0.00050755       +/- 9.39e-005    (18.5%)


correlation matrix of the fit parameters:

               e      
e               1.000 


*******************************************************************************
Sat Mar 30 11:28:03 2019


FIT:    data read from "SecuencialPeorTeorico.dat" using 1:2
        format = x:z
        #datapoints = 10
        residuals are weighted equally (unit weight)

function used for fitting: N(x)
fitted parameters initialized with current variable values



 Iteration 0
 WSSR        : 1.38653e+010      delta(WSSR)/WSSR   : 0
 delta(WSSR) : 0                 limit for stopping : 1e-005
 lambda	  : 4387.48

initial set of free parameter values

a               = 1
b               = 1

After 11 iterations the fit converged.
final sum of squares of residuals : 0
abs. change during last iteration : -8.27181e-025


Hmmmm.... Sum of squared residuals is zero. Can't compute errors.

Final set of parameters 
======================= 

a               = 7              
b               = 9              


*******************************************************************************
Sat Mar 30 11:28:03 2019


FIT:    data read from "SecuencialMedioTeorico.dat" using 1:2
        format = x:z
        #datapoints = 10
        residuals are weighted equally (unit weight)

function used for fitting: M(x)
fitted parameters initialized with current variable values



 Iteration 0
 WSSR        : 2.40845e+009      delta(WSSR)/WSSR   : 0
 delta(WSSR) : 0                 limit for stopping : 1e-005
 lambda	  : 4387.48

initial set of free parameter values

c               = 1
d               = 1

After 9 iterations the fit converged.
final sum of squares of residuals : 0
abs. change during last iteration : -1.25731e-022


Hmmmm.... Sum of squared residuals is zero. Can't compute errors.

Final set of parameters 
======================= 

c               = 3.5            
d               = 9              


*******************************************************************************
Sat Mar 30 11:28:03 2019


FIT:    data read from "SecuencialMejorTeorico.dat" using 1:2
        format = x:z
        #datapoints = 10
        residuals are weighted equally (unit weight)

function used for fitting: C(x)
fitted parameters initialized with current variable values



 Iteration 0
 WSSR        : 640               delta(WSSR)/WSSR   : 0
 delta(WSSR) : 0                 limit for stopping : 1e-005
 lambda	  : 1

initial set of free parameter values

e               = 1

After 4 iterations the fit converged.
final sum of squares of residuals : 0
abs. change during last iteration : -5.27859e-016


Hmmmm.... Sum of squared residuals is zero. Can't compute errors.

Final set of parameters 
======================= 

e               = 9              


*******************************************************************************
Sat Mar 30 11:30:14 2019


FIT:    data read from "SecuencialPeorSecuencialMedioSecuencialMejorTeorico.dat" using 1:2
        format = x:z
        #datapoints = 10
        residuals are weighted equally (unit weight)

function used for fitting: N(x)
fitted parameters initialized with current variable values



 Iteration 0
 WSSR        : 1.38653e+010      delta(WSSR)/WSSR   : 0
 delta(WSSR) : 0                 limit for stopping : 1e-005
 lambda	  : 4387.48

initial set of free parameter values

a               = 1
b               = 1

After 11 iterations the fit converged.
final sum of squares of residuals : 0
abs. change during last iteration : -8.27181e-025


Hmmmm.... Sum of squared residuals is zero. Can't compute errors.

Final set of parameters 
======================= 

a               = 7              
b               = 9              


*******************************************************************************
Sat Mar 30 11:30:14 2019


FIT:    data read from "SecuencialPeorSecuencialMedioSecuencialMejorTeorico.dat" using 1:3
        format = x:z
        #datapoints = 10
        residuals are weighted equally (unit weight)

function used for fitting: M(x)
fitted parameters initialized with current variable values



 Iteration 0
 WSSR        : 2.40845e+009      delta(WSSR)/WSSR   : 0
 delta(WSSR) : 0                 limit for stopping : 1e-005
 lambda	  : 4387.48

initial set of free parameter values

c               = 1
d               = 1

After 9 iterations the fit converged.
final sum of squares of residuals : 0
abs. change during last iteration : -1.25731e-022


Hmmmm.... Sum of squared residuals is zero. Can't compute errors.

Final set of parameters 
======================= 

c               = 3.5            
d               = 9              


*******************************************************************************
Sat Mar 30 11:30:14 2019


FIT:    data read from "SecuencialPeorSecuencialMedioSecuencialMejorTeorico.dat" using 1:4
        format = x:z
        #datapoints = 10
        residuals are weighted equally (unit weight)

function used for fitting: C(x)
fitted parameters initialized with current variable values



 Iteration 0
 WSSR        : 640               delta(WSSR)/WSSR   : 0
 delta(WSSR) : 0                 limit for stopping : 1e-005
 lambda	  : 1

initial set of free parameter values

e               = 1

After 4 iterations the fit converged.
final sum of squares of residuals : 0
abs. change during last iteration : -5.27859e-016


Hmmmm.... Sum of squared residuals is zero. Can't compute errors.

Final set of parameters 
======================= 

e               = 9              


*******************************************************************************
Sat Mar 30 11:37:47 2019


FIT:    data read from "SecuencialPeorSecuencialMedioSecuencialMejorTeorico.dat" using 1:2
        format = x:z
        #datapoints = 10
        residuals are weighted equally (unit weight)

function used for fitting: N(x)
fitted parameters initialized with current variable values



 Iteration 0
 WSSR        : 1.38653e+010      delta(WSSR)/WSSR   : 0
 delta(WSSR) : 0                 limit for stopping : 1e-005
 lambda	  : 4387.48

initial set of free parameter values

a               = 1
b               = 1

After 11 iterations the fit converged.
final sum of squares of residuals : 0
abs. change during last iteration : -8.27181e-025


Hmmmm.... Sum of squared residuals is zero. Can't compute errors.

Final set of parameters 
======================= 

a               = 7              
b               = 9              


*******************************************************************************
Sat Mar 30 11:37:47 2019


FIT:    data read from "SecuencialPeorSecuencialMedioSecuencialMejorTeorico.dat" using 1:3
        format = x:z
        #datapoints = 10
        residuals are weighted equally (unit weight)

function used for fitting: M(x)
fitted parameters initialized with current variable values



 Iteration 0
 WSSR        : 2.40845e+009      delta(WSSR)/WSSR   : 0
 delta(WSSR) : 0                 limit for stopping : 1e-005
 lambda	  : 4387.48

initial set of free parameter values

c               = 1
d               = 1

After 9 iterations the fit converged.
final sum of squares of residuals : 0
abs. change during last iteration : -1.25731e-022


Hmmmm.... Sum of squared residuals is zero. Can't compute errors.

Final set of parameters 
======================= 

c               = 3.5            
d               = 9              


*******************************************************************************
Sat Mar 30 11:37:47 2019


FIT:    data read from "SecuencialPeorSecuencialMedioSecuencialMejorTeorico.dat" using 1:4
        format = x:z
        #datapoints = 10
        residuals are weighted equally (unit weight)

function used for fitting: C(x)
fitted parameters initialized with current variable values



 Iteration 0
 WSSR        : 640               delta(WSSR)/WSSR   : 0
 delta(WSSR) : 0                 limit for stopping : 1e-005
 lambda	  : 1

initial set of free parameter values

e               = 1

After 4 iterations the fit converged.
final sum of squares of residuals : 0
abs. change during last iteration : -5.27859e-016


Hmmmm.... Sum of squared residuals is zero. Can't compute errors.

Final set of parameters 
======================= 

e               = 9              


*******************************************************************************
Sat Mar 30 11:37:53 2019


FIT:    data read from "SecuencialPeorSecuencialMedioSecuencialMejorTeorico.dat" using 1:2
        format = x:z
        #datapoints = 10
        residuals are weighted equally (unit weight)

function used for fitting: N(x)
fitted parameters initialized with current variable values



 Iteration 0
 WSSR        : 1.38653e+010      delta(WSSR)/WSSR   : 0
 delta(WSSR) : 0                 limit for stopping : 1e-005
 lambda	  : 4387.48

initial set of free parameter values

a               = 1
b               = 1

After 11 iterations the fit converged.
final sum of squares of residuals : 0
abs. change during last iteration : -8.27181e-025


Hmmmm.... Sum of squared residuals is zero. Can't compute errors.

Final set of parameters 
======================= 

a               = 7              
b               = 9              


*******************************************************************************
Sat Mar 30 11:37:53 2019


FIT:    data read from "SecuencialPeorSecuencialMedioSecuencialMejorTeorico.dat" using 1:3
        format = x:z
        #datapoints = 10
        residuals are weighted equally (unit weight)

function used for fitting: M(x)
fitted parameters initialized with current variable values



 Iteration 0
 WSSR        : 2.40845e+009      delta(WSSR)/WSSR   : 0
 delta(WSSR) : 0                 limit for stopping : 1e-005
 lambda	  : 4387.48

initial set of free parameter values

c               = 1
d               = 1

After 9 iterations the fit converged.
final sum of squares of residuals : 0
abs. change during last iteration : -1.25731e-022


Hmmmm.... Sum of squared residuals is zero. Can't compute errors.

Final set of parameters 
======================= 

c               = 3.5            
d               = 9              


*******************************************************************************
Sat Mar 30 11:37:53 2019


FIT:    data read from "SecuencialPeorSecuencialMedioSecuencialMejorTeorico.dat" using 1:4
        format = x:z
        #datapoints = 10
        residuals are weighted equally (unit weight)

function used for fitting: C(x)
fitted parameters initialized with current variable values



 Iteration 0
 WSSR        : 640               delta(WSSR)/WSSR   : 0
 delta(WSSR) : 0                 limit for stopping : 1e-005
 lambda	  : 1

initial set of free parameter values

e               = 1

After 4 iterations the fit converged.
final sum of squares of residuals : 0
abs. change during last iteration : -5.27859e-016


Hmmmm.... Sum of squared residuals is zero. Can't compute errors.

Final set of parameters 
======================= 

e               = 9              


*******************************************************************************
Fri Apr 05 20:46:47 2019


FIT:    data read from "SecuencialMedioEmpirico.dat" using 1:2
        format = x:z
        #datapoints = 10
        residuals are weighted equally (unit weight)

function used for fitting: M(x)
fitted parameters initialized with current variable values



 Iteration 0
 WSSR        : 3.861e+006        delta(WSSR)/WSSR   : 0
 delta(WSSR) : 0                 limit for stopping : 1e-005
 lambda	  : 438.749

initial set of free parameter values

t               = 1
u               = 1

After 7 iterations the fit converged.
final sum of squares of residuals : 1.10382e-006
rel. change during last iteration : -6.90438e-013

degrees of freedom    (FIT_NDF)                        : 8
rms of residuals      (FIT_STDFIT) = sqrt(WSSR/ndf)    : 0.000371453
variance of residuals (reduced chisquare) = WSSR/ndf   : 1.37977e-007

Final set of parameters            Asymptotic Standard Error
=======================            ==========================

t               = 9.64277e-007     +/- 4.09e-007    (42.41%)
u               = 0.000202128      +/- 0.0002538    (125.5%)


correlation matrix of the fit parameters:

               t      u      
t               1.000 
u              -0.886  1.000 


*******************************************************************************
Fri Apr 05 20:46:58 2019


FIT:    data read from "SecuencialMedioEmpirico.dat" using 1:2
        format = x:z
        #datapoints = 10
        residuals are weighted equally (unit weight)

function used for fitting: M(x)
fitted parameters initialized with current variable values



 Iteration 0
 WSSR        : 3.861e+006        delta(WSSR)/WSSR   : 0
 delta(WSSR) : 0                 limit for stopping : 1e-005
 lambda	  : 438.749

initial set of free parameter values

t               = 1
u               = 1

After 7 iterations the fit converged.
final sum of squares of residuals : 5.37134e-007
rel. change during last iteration : -1.41886e-012

degrees of freedom    (FIT_NDF)                        : 8
rms of residuals      (FIT_STDFIT) = sqrt(WSSR/ndf)    : 0.000259117
variance of residuals (reduced chisquare) = WSSR/ndf   : 6.71417e-008

Final set of parameters            Asymptotic Standard Error
=======================            ==========================

t               = 7.17781e-007     +/- 2.853e-007   (39.74%)
u               = 0.000305088      +/- 0.000177     (58.02%)


correlation matrix of the fit parameters:

               t      u      
t               1.000 
u              -0.886  1.000 


*******************************************************************************
Fri Apr 05 20:47:07 2019


FIT:    data read from "SecuencialMedioEmpirico.dat" using 1:2
        format = x:z
        #datapoints = 10
        residuals are weighted equally (unit weight)

function used for fitting: M(x)
fitted parameters initialized with current variable values



 Iteration 0
 WSSR        : 3.861e+006        delta(WSSR)/WSSR   : 0
 delta(WSSR) : 0                 limit for stopping : 1e-005
 lambda	  : 438.749

initial set of free parameter values

t               = 1
u               = 1

After 7 iterations the fit converged.
final sum of squares of residuals : 6.98711e-007
rel. change during last iteration : -1.09075e-012

degrees of freedom    (FIT_NDF)                        : 8
rms of residuals      (FIT_STDFIT) = sqrt(WSSR/ndf)    : 0.000295532
variance of residuals (reduced chisquare) = WSSR/ndf   : 8.73389e-008

Final set of parameters            Asymptotic Standard Error
=======================            ==========================

t               = 6.7522e-007      +/- 3.254e-007   (48.19%)
u               = 0.000338485      +/- 0.0002019    (59.64%)


correlation matrix of the fit parameters:

               t      u      
t               1.000 
u              -0.886  1.000 


*******************************************************************************
Fri Apr 05 20:47:51 2019


FIT:    data read from "SecuencialMedioEmpirico.dat" using 1:2
        format = x:z
        #datapoints = 10
        residuals are weighted equally (unit weight)

function used for fitting: M(x)
fitted parameters initialized with current variable values



 Iteration 0
 WSSR        : 3.861e+006        delta(WSSR)/WSSR   : 0
 delta(WSSR) : 0                 limit for stopping : 1e-005
 lambda	  : 438.749

initial set of free parameter values

t               = 1
u               = 1

After 7 iterations the fit converged.
final sum of squares of residuals : 1.17893e-006
rel. change during last iteration : -6.46806e-013

degrees of freedom    (FIT_NDF)                        : 8
rms of residuals      (FIT_STDFIT) = sqrt(WSSR/ndf)    : 0.000383884
variance of residuals (reduced chisquare) = WSSR/ndf   : 1.47367e-007

Final set of parameters            Asymptotic Standard Error
=======================            ==========================

t               = 7.81304e-007     +/- 4.226e-007   (54.09%)
u               = 0.000204357      +/- 0.0002622    (128.3%)


correlation matrix of the fit parameters:

               t      u      
t               1.000 
u              -0.886  1.000 


*******************************************************************************
Fri Apr 05 20:48:02 2019


FIT:    data read from "SecuencialMedioEmpirico.dat" using 1:2
        format = x:z
        #datapoints = 10
        residuals are weighted equally (unit weight)

function used for fitting: M(x)
fitted parameters initialized with current variable values



 Iteration 0
 WSSR        : 3.861e+006        delta(WSSR)/WSSR   : 0
 delta(WSSR) : 0                 limit for stopping : 1e-005
 lambda	  : 438.749

initial set of free parameter values

t               = 1
u               = 1

After 7 iterations the fit converged.
final sum of squares of residuals : 9.33818e-007
rel. change during last iteration : -8.16358e-013

degrees of freedom    (FIT_NDF)                        : 8
rms of residuals      (FIT_STDFIT) = sqrt(WSSR/ndf)    : 0.000341654
variance of residuals (reduced chisquare) = WSSR/ndf   : 1.16727e-007

Final set of parameters            Asymptotic Standard Error
=======================            ==========================

t               = 1.33114e-006     +/- 3.761e-007   (28.26%)
u               = 5.37714e-005     +/- 0.0002334    (434%)


correlation matrix of the fit parameters:

               t      u      
t               1.000 
u              -0.886  1.000 


*******************************************************************************
Fri Apr 05 20:48:15 2019


FIT:    data read from "SecuencialMedioEmpirico.dat" using 1:2
        format = x:z
        #datapoints = 10
        residuals are weighted equally (unit weight)

function used for fitting: M(x)
fitted parameters initialized with current variable values



 Iteration 0
 WSSR        : 3.861e+006        delta(WSSR)/WSSR   : 0
 delta(WSSR) : 0                 limit for stopping : 1e-005
 lambda	  : 438.749

initial set of free parameter values

t               = 1
u               = 1

After 7 iterations the fit converged.
final sum of squares of residuals : 1.30359e-006
rel. change during last iteration : -5.84793e-013

degrees of freedom    (FIT_NDF)                        : 8
rms of residuals      (FIT_STDFIT) = sqrt(WSSR/ndf)    : 0.000403669
variance of residuals (reduced chisquare) = WSSR/ndf   : 1.62949e-007

Final set of parameters            Asymptotic Standard Error
=======================            ==========================

t               = 8.97849e-007     +/- 4.444e-007   (49.5%)
u               = 0.000231594      +/- 0.0002758    (119.1%)


correlation matrix of the fit parameters:

               t      u      
t               1.000 
u              -0.886  1.000 


*******************************************************************************
Fri Apr 05 20:49:49 2019


FIT:    data read from "SecuencialMedioEmpirico.dat" using 1:2
        format = x:z
        #datapoints = 10
        residuals are weighted equally (unit weight)

function used for fitting: M(x)
fitted parameters initialized with current variable values



 Iteration 0
 WSSR        : 3.861e+006        delta(WSSR)/WSSR   : 0
 delta(WSSR) : 0                 limit for stopping : 1e-005
 lambda	  : 438.749

initial set of free parameter values

t               = 1
u               = 1

After 7 iterations the fit converged.
final sum of squares of residuals : 1.30359e-006
rel. change during last iteration : -5.84793e-013

degrees of freedom    (FIT_NDF)                        : 8
rms of residuals      (FIT_STDFIT) = sqrt(WSSR/ndf)    : 0.000403669
variance of residuals (reduced chisquare) = WSSR/ndf   : 1.62949e-007

Final set of parameters            Asymptotic Standard Error
=======================            ==========================

t               = 8.97849e-007     +/- 4.444e-007   (49.5%)
u               = 0.000231594      +/- 0.0002758    (119.1%)


correlation matrix of the fit parameters:

               t      u      
t               1.000 
u              -0.886  1.000 


*******************************************************************************
Sat Apr 06 12:47:33 2019


FIT:    data read from "SecuencialMedioTeorico.dat" using 1:2
        format = x:z
        #datapoints = 10
        residuals are weighted equally (unit weight)

function used for fitting: N(x)
fitted parameters initialized with current variable values



 Iteration 0
 WSSR        : 2.40845e+009      delta(WSSR)/WSSR   : 0
 delta(WSSR) : 0                 limit for stopping : 1e-005
 lambda	  : 4387.48

initial set of free parameter values

a               = 1
b               = 1

After 9 iterations the fit converged.
final sum of squares of residuals : 0
abs. change during last iteration : -1.25731e-022


Hmmmm.... Sum of squared residuals is zero. Can't compute errors.

Final set of parameters 
======================= 

a               = 3.5            
b               = 9              


*******************************************************************************
Sat Apr 06 12:47:33 2019


FIT:    data read from "SecuencialPeorTeorico.dat" using 1:2
        format = x:z
        #datapoints = 10
        residuals are weighted equally (unit weight)

function used for fitting: N(x)
fitted parameters initialized with current variable values



 Iteration 0
 WSSR        : 1.38653e+010      delta(WSSR)/WSSR   : 0
 delta(WSSR) : 0                 limit for stopping : 1e-005
 lambda	  : 4387.48

initial set of free parameter values

a               = 1
b               = 1

After 11 iterations the fit converged.
final sum of squares of residuals : 0
abs. change during last iteration : -8.27181e-025


Hmmmm.... Sum of squared residuals is zero. Can't compute errors.

Final set of parameters 
======================= 

a               = 7              
b               = 9              


*******************************************************************************
Sat Apr 06 12:47:33 2019


FIT:    data read from "SecuencialPeorSecuencialMedioSecuencialMejorTeorico.dat" using 1:2
        format = x:z
        #datapoints = 10
        residuals are weighted equally (unit weight)

function used for fitting: N(x)
fitted parameters initialized with current variable values



 Iteration 0
 WSSR        : 1.38653e+010      delta(WSSR)/WSSR   : 0
 delta(WSSR) : 0                 limit for stopping : 1e-005
 lambda	  : 4387.48

initial set of free parameter values

a               = 1
b               = 1

After 11 iterations the fit converged.
final sum of squares of residuals : 0
abs. change during last iteration : -8.27181e-025


Hmmmm.... Sum of squared residuals is zero. Can't compute errors.

Final set of parameters 
======================= 

a               = 7              
b               = 9              


*******************************************************************************
Sat Apr 06 12:47:34 2019


FIT:    data read from "SecuencialPeorSecuencialMedioSecuencialMejorTeorico.dat" using 1:3
        format = x:z
        #datapoints = 10
        residuals are weighted equally (unit weight)

function used for fitting: M(x)
fitted parameters initialized with current variable values



 Iteration 0
 WSSR        : 2.40845e+009      delta(WSSR)/WSSR   : 0
 delta(WSSR) : 0                 limit for stopping : 1e-005
 lambda	  : 4387.48

initial set of free parameter values

c               = 1
d               = 1

After 9 iterations the fit converged.
final sum of squares of residuals : 0
abs. change during last iteration : -1.25731e-022


Hmmmm.... Sum of squared residuals is zero. Can't compute errors.

Final set of parameters 
======================= 

c               = 3.5            
d               = 9              


*******************************************************************************
Sat Apr 06 12:47:34 2019


FIT:    data read from "SecuencialPeorSecuencialMedioSecuencialMejorTeorico.dat" using 1:4
        format = x:z
        #datapoints = 10
        residuals are weighted equally (unit weight)

function used for fitting: C(x)
fitted parameters initialized with current variable values



 Iteration 0
 WSSR        : 640               delta(WSSR)/WSSR   : 0
 delta(WSSR) : 0                 limit for stopping : 1e-005
 lambda	  : 1

initial set of free parameter values

e               = 1

After 4 iterations the fit converged.
final sum of squares of residuals : 0
abs. change during last iteration : -5.27859e-016


Hmmmm.... Sum of squared residuals is zero. Can't compute errors.

Final set of parameters 
======================= 

e               = 9              


*******************************************************************************
Sat Apr 06 12:47:34 2019


FIT:    data read from "SecuencialMejorTeorico.dat" using 1:2
        format = x:z
        #datapoints = 10
        residuals are weighted equally (unit weight)

function used for fitting: C(x)
fitted parameters initialized with current variable values



 Iteration 0
 WSSR        : 640               delta(WSSR)/WSSR   : 0
 delta(WSSR) : 0                 limit for stopping : 1e-005
 lambda	  : 1

initial set of free parameter values

a               = 1

After 4 iterations the fit converged.
final sum of squares of residuals : 0
abs. change during last iteration : -5.27859e-016


Hmmmm.... Sum of squared residuals is zero. Can't compute errors.

Final set of parameters 
======================= 

a               = 9              


*******************************************************************************
Sat Apr 06 12:57:03 2019


FIT:    data read from "SecuencialMedioTeorico.dat" using 1:2
        format = x:z
        #datapoints = 10
        residuals are weighted equally (unit weight)

function used for fitting: N(x)
fitted parameters initialized with current variable values



 Iteration 0
 WSSR        : 2.40845e+009      delta(WSSR)/WSSR   : 0
 delta(WSSR) : 0                 limit for stopping : 1e-005
 lambda	  : 4387.48

initial set of free parameter values

a               = 1
b               = 1

After 9 iterations the fit converged.
final sum of squares of residuals : 0
abs. change during last iteration : -1.25731e-022


Hmmmm.... Sum of squared residuals is zero. Can't compute errors.

Final set of parameters 
======================= 

a               = 3.5            
b               = 9              


*******************************************************************************
Sat Apr 06 12:57:32 2019


FIT:    data read from "SecuencialMedioTeorico.dat" using 1:2
        format = x:z
        #datapoints = 10
        residuals are weighted equally (unit weight)

function used for fitting: N(x)
fitted parameters initialized with current variable values



 Iteration 0
 WSSR        : 2.40845e+009      delta(WSSR)/WSSR   : 0
 delta(WSSR) : 0                 limit for stopping : 1e-005
 lambda	  : 4387.48

initial set of free parameter values

a               = 1
b               = 1

After 9 iterations the fit converged.
final sum of squares of residuals : 0
abs. change during last iteration : -1.25731e-022


Hmmmm.... Sum of squared residuals is zero. Can't compute errors.

Final set of parameters 
======================= 

a               = 3.5            
b               = 9              


*******************************************************************************
Sat Apr 06 13:01:18 2019


FIT:    data read from "SecuencialMejorTeorico.dat" using 1:2
        format = x:z
        #datapoints = 10
        residuals are weighted equally (unit weight)

function used for fitting: C(x)
fitted parameters initialized with current variable values



 Iteration 0
 WSSR        : 640               delta(WSSR)/WSSR   : 0
 delta(WSSR) : 0                 limit for stopping : 1e-005
 lambda	  : 1

initial set of free parameter values

a               = 1

After 4 iterations the fit converged.
final sum of squares of residuals : 0
abs. change during last iteration : -5.27859e-016


Hmmmm.... Sum of squared residuals is zero. Can't compute errors.

Final set of parameters 
======================= 

a               = 9              


*******************************************************************************
Sat Apr 06 13:01:22 2019


FIT:    data read from "SecuencialMedioTeorico.dat" using 1:2
        format = x:z
        #datapoints = 10
        residuals are weighted equally (unit weight)

function used for fitting: N(x)
fitted parameters initialized with current variable values



 Iteration 0
 WSSR        : 2.40845e+009      delta(WSSR)/WSSR   : 0
 delta(WSSR) : 0                 limit for stopping : 1e-005
 lambda	  : 4387.48

initial set of free parameter values

a               = 1
b               = 1

After 9 iterations the fit converged.
final sum of squares of residuals : 0
abs. change during last iteration : -1.25731e-022


Hmmmm.... Sum of squared residuals is zero. Can't compute errors.

Final set of parameters 
======================= 

a               = 3.5            
b               = 9              


*******************************************************************************
Sat Apr 06 13:23:57 2019


FIT:    data read from "SecuencialPeorEmpirico.dat" using 1:2
        format = x:z
        #datapoints = 10
        residuals are weighted equally (unit weight)

function used for fitting: N(x)
fitted parameters initialized with current variable values



 Iteration 0
 WSSR        : 3.86099e+006      delta(WSSR)/WSSR   : 0
 delta(WSSR) : 0                 limit for stopping : 1e-005
 lambda	  : 438.749

initial set of free parameter values

a               = 1
b               = 1

After 7 iterations the fit converged.
final sum of squares of residuals : 1.635e-007
rel. change during last iteration : -4.66111e-012

degrees of freedom    (FIT_NDF)                        : 8
rms of residuals      (FIT_STDFIT) = sqrt(WSSR/ndf)    : 0.00014296
variance of residuals (reduced chisquare) = WSSR/ndf   : 2.04375e-008

Final set of parameters            Asymptotic Standard Error
=======================            ==========================

a               = 2.06055e-006     +/- 1.574e-007   (7.638%)
b               = 0.000220644      +/- 9.766e-005   (44.26%)


correlation matrix of the fit parameters:

               a      b      
a               1.000 
b              -0.886  1.000 


*******************************************************************************
Sat Apr 06 13:27:34 2019


FIT:    data read from "SecuencialMejorEmpirico.dat" using 1:2
        format = x:z
        #datapoints = 10
        residuals are weighted equally (unit weight)

function used for fitting: C(x)
fitted parameters initialized with current variable values



 Iteration 0
 WSSR        : 9.99579           delta(WSSR)/WSSR   : 0
 delta(WSSR) : 0                 limit for stopping : 1e-005
 lambda	  : 1

initial set of free parameter values

w               = 1

After 4 iterations the fit converged.
final sum of squares of residuals : 1.90107e-007
rel. change during last iteration : -4.33672e-011

degrees of freedom    (FIT_NDF)                        : 9
rms of residuals      (FIT_STDFIT) = sqrt(WSSR/ndf)    : 0.000145337
variance of residuals (reduced chisquare) = WSSR/ndf   : 2.1123e-008

Final set of parameters            Asymptotic Standard Error
=======================            ==========================

w               = 0.000210614      +/- 4.596e-005   (21.82%)


correlation matrix of the fit parameters:

               w      
w               1.000 


*******************************************************************************
Sat Apr 06 13:28:48 2019


FIT:    data read from "SecuencialMedioEmpirico.dat" using 1:2
        format = x:z
        #datapoints = 10
        residuals are weighted equally (unit weight)

function used for fitting: M(x)
fitted parameters initialized with current variable values



 Iteration 0
 WSSR        : 3.861e+006        delta(WSSR)/WSSR   : 0
 delta(WSSR) : 0                 limit for stopping : 1e-005
 lambda	  : 438.749

initial set of free parameter values

t               = 1
u               = 1

After 7 iterations the fit converged.
final sum of squares of residuals : 5.40542e-007
rel. change during last iteration : -1.41031e-012

degrees of freedom    (FIT_NDF)                        : 8
rms of residuals      (FIT_STDFIT) = sqrt(WSSR/ndf)    : 0.000259938
variance of residuals (reduced chisquare) = WSSR/ndf   : 6.75677e-008

Final set of parameters            Asymptotic Standard Error
=======================            ==========================

t               = 1.19003e-006     +/- 2.862e-007   (24.05%)
u               = 0.000108654      +/- 0.0001776    (163.4%)


correlation matrix of the fit parameters:

               t      u      
t               1.000 
u              -0.886  1.000 


*******************************************************************************
Sat Apr 06 14:06:58 2019


FIT:    data read from "SecuencialPeorSecuencialMedioSecuencialMejorTeorico.dat" using 1:2
        format = x:z
        #datapoints = 10
        residuals are weighted equally (unit weight)

function used for fitting: N(x)
fitted parameters initialized with current variable values



 Iteration 0
 WSSR        : 1.39129e+008      delta(WSSR)/WSSR   : 0
 delta(WSSR) : 0                 limit for stopping : 1e-005
 lambda	  : 438.749

initial set of free parameter values

a               = 1
b               = 1

After 9 iterations the fit converged.
final sum of squares of residuals : 0
abs. change during last iteration : -1.29247e-026


Hmmmm.... Sum of squared residuals is zero. Can't compute errors.

Final set of parameters 
======================= 

a               = 7              
b               = 9              


*******************************************************************************
Sat Apr 06 14:06:58 2019


FIT:    data read from "SecuencialPeorSecuencialMedioSecuencialMejorTeorico.dat" using 1:3
        format = x:z
        #datapoints = 10
        residuals are weighted equally (unit weight)

function used for fitting: M(x)
fitted parameters initialized with current variable values



 Iteration 0
 WSSR        : 2.42831e+007      delta(WSSR)/WSSR   : 0
 delta(WSSR) : 0                 limit for stopping : 1e-005
 lambda	  : 438.749

initial set of free parameter values

c               = 1
d               = 1

After 7 iterations the fit converged.
final sum of squares of residuals : 0
abs. change during last iteration : -4.88915e-017


Hmmmm.... Sum of squared residuals is zero. Can't compute errors.

Final set of parameters 
======================= 

c               = 3.5            
d               = 9              


*******************************************************************************
Sat Apr 06 14:06:58 2019


FIT:    data read from "SecuencialPeorSecuencialMedioSecuencialMejorTeorico.dat" using 1:4
        format = x:z
        #datapoints = 10
        residuals are weighted equally (unit weight)

function used for fitting: C(x)
fitted parameters initialized with current variable values



 Iteration 0
 WSSR        : 640               delta(WSSR)/WSSR   : 0
 delta(WSSR) : 0                 limit for stopping : 1e-005
 lambda	  : 1

initial set of free parameter values

e               = 1

After 4 iterations the fit converged.
final sum of squares of residuals : 0
abs. change during last iteration : -5.27859e-016


Hmmmm.... Sum of squared residuals is zero. Can't compute errors.

Final set of parameters 
======================= 

e               = 9              


*******************************************************************************
Sat Apr 06 14:48:54 2019


FIT:    data read from "SecuencialPeorSecuencialMedioSecuencialMejorTeorico.dat" using 1:2
        format = x:z
        #datapoints = 10
        residuals are weighted equally (unit weight)

function used for fitting: N(x)
fitted parameters initialized with current variable values



 Iteration 0
 WSSR        : 1.39129e+008      delta(WSSR)/WSSR   : 0
 delta(WSSR) : 0                 limit for stopping : 1e-005
 lambda	  : 438.749

initial set of free parameter values

a               = 1
b               = 1

After 9 iterations the fit converged.
final sum of squares of residuals : 0
abs. change during last iteration : -1.29247e-026


Hmmmm.... Sum of squared residuals is zero. Can't compute errors.

Final set of parameters 
======================= 

a               = 7              
b               = 9              


*******************************************************************************
Sat Apr 06 14:48:54 2019


FIT:    data read from "SecuencialPeorSecuencialMedioSecuencialMejorTeorico.dat" using 1:3
        format = x:z
        #datapoints = 10
        residuals are weighted equally (unit weight)

function used for fitting: M(x)
fitted parameters initialized with current variable values



 Iteration 0
 WSSR        : 2.42831e+007      delta(WSSR)/WSSR   : 0
 delta(WSSR) : 0                 limit for stopping : 1e-005
 lambda	  : 438.749

initial set of free parameter values

c               = 1
d               = 1

After 7 iterations the fit converged.
final sum of squares of residuals : 0
abs. change during last iteration : -4.88915e-017


Hmmmm.... Sum of squared residuals is zero. Can't compute errors.

Final set of parameters 
======================= 

c               = 3.5            
d               = 9              


*******************************************************************************
Sat Apr 06 14:48:54 2019


FIT:    data read from "SecuencialPeorSecuencialMedioSecuencialMejorTeorico.dat" using 1:4
        format = x:z
        #datapoints = 10
        residuals are weighted equally (unit weight)

function used for fitting: C(x)
fitted parameters initialized with current variable values



 Iteration 0
 WSSR        : 640               delta(WSSR)/WSSR   : 0
 delta(WSSR) : 0                 limit for stopping : 1e-005
 lambda	  : 1

initial set of free parameter values

e               = 1

After 4 iterations the fit converged.
final sum of squares of residuals : 0
abs. change during last iteration : -5.27859e-016


Hmmmm.... Sum of squared residuals is zero. Can't compute errors.

Final set of parameters 
======================= 

e               = 9              


*******************************************************************************
Sat Apr 06 14:58:43 2019


FIT:    data read from "SecuencialMedioEmpirico.dat" using 1:2
        format = x:z
        #datapoints = 10
        residuals are weighted equally (unit weight)

function used for fitting: M(x)
fitted parameters initialized with current variable values



 Iteration 0
 WSSR        : 3.861e+006        delta(WSSR)/WSSR   : 0
 delta(WSSR) : 0                 limit for stopping : 1e-005
 lambda	  : 438.749

initial set of free parameter values

t               = 1
u               = 1

After 7 iterations the fit converged.
final sum of squares of residuals : 1.15842e-008
rel. change during last iteration : -6.5803e-011

degrees of freedom    (FIT_NDF)                        : 8
rms of residuals      (FIT_STDFIT) = sqrt(WSSR/ndf)    : 3.8053e-005
variance of residuals (reduced chisquare) = WSSR/ndf   : 1.44803e-009

Final set of parameters            Asymptotic Standard Error
=======================            ==========================

t               = 9.9884e-007      +/- 4.189e-008   (4.194%)
u               = 0.000126507      +/- 2.6e-005     (20.55%)


correlation matrix of the fit parameters:

               t      u      
t               1.000 
u              -0.886  1.000 


*******************************************************************************
Sat Apr 06 18:09:13 2019


FIT:    data read from "SecuencialPeorSecuencialMedioSecuencialMejorTeorico.dat" using 1:2
        format = x:z
        #datapoints = 10
        residuals are weighted equally (unit weight)

function used for fitting: N(x)
fitted parameters initialized with current variable values



 Iteration 0
 WSSR        : 1.39129e+008      delta(WSSR)/WSSR   : 0
 delta(WSSR) : 0                 limit for stopping : 1e-005
 lambda	  : 438.749

initial set of free parameter values

a               = 1
b               = 1

After 9 iterations the fit converged.
final sum of squares of residuals : 0
abs. change during last iteration : -1.29247e-026


Hmmmm.... Sum of squared residuals is zero. Can't compute errors.

Final set of parameters 
======================= 

a               = 7              
b               = 9              


*******************************************************************************
Sat Apr 06 18:09:13 2019


FIT:    data read from "SecuencialPeorSecuencialMedioSecuencialMejorTeorico.dat" using 1:3
        format = x:z
        #datapoints = 10
        residuals are weighted equally (unit weight)

function used for fitting: M(x)
fitted parameters initialized with current variable values



 Iteration 0
 WSSR        : 2.42831e+007      delta(WSSR)/WSSR   : 0
 delta(WSSR) : 0                 limit for stopping : 1e-005
 lambda	  : 438.749

initial set of free parameter values

c               = 1
d               = 1

After 7 iterations the fit converged.
final sum of squares of residuals : 0
abs. change during last iteration : -4.88915e-017


Hmmmm.... Sum of squared residuals is zero. Can't compute errors.

Final set of parameters 
======================= 

c               = 3.5            
d               = 9              


*******************************************************************************
Sat Apr 06 18:09:13 2019


FIT:    data read from "SecuencialPeorSecuencialMedioSecuencialMejorTeorico.dat" using 1:4
        format = x:z
        #datapoints = 10
        residuals are weighted equally (unit weight)

function used for fitting: C(x)
fitted parameters initialized with current variable values



 Iteration 0
 WSSR        : 640               delta(WSSR)/WSSR   : 0
 delta(WSSR) : 0                 limit for stopping : 1e-005
 lambda	  : 1

initial set of free parameter values

e               = 1

After 4 iterations the fit converged.
final sum of squares of residuals : 0
abs. change during last iteration : -5.27859e-016


Hmmmm.... Sum of squared residuals is zero. Can't compute errors.

Final set of parameters 
======================= 

e               = 9              


*******************************************************************************
Sat Apr 06 18:40:50 2019


FIT:    data read from "SecuencialMejorEmpirico.dat" using 1:2
        format = x:z
        #datapoints = 10
        residuals are weighted equally (unit weight)

function used for fitting: C(x)
fitted parameters initialized with current variable values



 Iteration 0
 WSSR        : 9.99699           delta(WSSR)/WSSR   : 0
 delta(WSSR) : 0                 limit for stopping : 1e-005
 lambda	  : 1

initial set of free parameter values

w               = 1

After 4 iterations the fit converged.
final sum of squares of residuals : 2.26317e-007
rel. change during last iteration : -3.64326e-011

degrees of freedom    (FIT_NDF)                        : 9
rms of residuals      (FIT_STDFIT) = sqrt(WSSR/ndf)    : 0.000158576
variance of residuals (reduced chisquare) = WSSR/ndf   : 2.51464e-008

Final set of parameters            Asymptotic Standard Error
=======================            ==========================

w               = 0.000150439      +/- 5.015e-005   (33.33%)


correlation matrix of the fit parameters:

               w      
w               1.000 


*******************************************************************************
Sat Apr 06 19:13:40 2019


FIT:    data read from "SecuencialPeorEmpirico.dat" using 1:2
        format = x:z
        #datapoints = 10
        residuals are weighted equally (unit weight)

function used for fitting: N(x)
fitted parameters initialized with current variable values



 Iteration 0
 WSSR        : 3.85102e+008      delta(WSSR)/WSSR   : 0
 delta(WSSR) : 0                 limit for stopping : 1e-005
 lambda	  : 4387.48

initial set of free parameter values

a               = 1
b               = 1

After 8 iterations the fit converged.
final sum of squares of residuals : 0.000628397
rel. change during last iteration : -1.38028e-015

degrees of freedom    (FIT_NDF)                        : 8
rms of residuals      (FIT_STDFIT) = sqrt(WSSR/ndf)    : 0.00886283
variance of residuals (reduced chisquare) = WSSR/ndf   : 7.85497e-005

Final set of parameters            Asymptotic Standard Error
=======================            ==========================

a               = 1.31722e-005     +/- 9.758e-007   (7.408%)
b               = -0.0221361       +/- 0.006054     (27.35%)


correlation matrix of the fit parameters:

               a      b      
a               1.000 
b              -0.886  1.000 
