

*******************************************************************************
Sat Mar 23 18:22:27 2019


FIT:    data read from "SecuencialPeorTeorico.dat" using 1:2
        format = x:z
        #datapoints = 10
        residuals are weighted equally (unit weight)

function used for fitting: N(x)
fitted parameters initialized with current variable values



 Iteration 0
 WSSR        : 1.38653e+010      delta(WSSR)/WSSR   : 0
 delta(WSSR) : 0                 limit for stopping : 1e-005
 lambda	  : 4387.48

initial set of free parameter values

a               = 1
b               = 1

After 11 iterations the fit converged.
final sum of squares of residuals : 0
abs. change during last iteration : -8.27181e-025


Hmmmm.... Sum of squared residuals is zero. Can't compute errors.

Final set of parameters 
======================= 

a               = 7              
b               = 9              


*******************************************************************************
Sat Mar 23 18:22:56 2019


FIT:    data read from "SecuencialPeorTeorico.dat" using 1:2
        format = x:z
        #datapoints = 10
        residuals are weighted equally (unit weight)

function used for fitting: N(x)
fitted parameters initialized with current variable values



 Iteration 0
 WSSR        : 1.38653e+010      delta(WSSR)/WSSR   : 0
 delta(WSSR) : 0                 limit for stopping : 1e-005
 lambda	  : 4387.48

initial set of free parameter values

a               = 1
b               = 1

After 11 iterations the fit converged.
final sum of squares of residuals : 0
abs. change during last iteration : -8.27181e-025


Hmmmm.... Sum of squared residuals is zero. Can't compute errors.

Final set of parameters 
======================= 

a               = 7              
b               = 9              


*******************************************************************************
Sat Mar 23 18:26:19 2019


FIT:    data read from "SecuencialMejorTeorico.dat" using 1:2
        format = x:z
        #datapoints = 10
        residuals are weighted equally (unit weight)

function used for fitting: C(x)
fitted parameters initialized with current variable values



 Iteration 0
 WSSR        : 640               delta(WSSR)/WSSR   : 0
 delta(WSSR) : 0                 limit for stopping : 1e-005
 lambda	  : 1

initial set of free parameter values

a               = 1

After 4 iterations the fit converged.
final sum of squares of residuals : 0
abs. change during last iteration : -5.27859e-016


Hmmmm.... Sum of squared residuals is zero. Can't compute errors.

Final set of parameters 
======================= 

a               = 9              


*******************************************************************************
Sat Mar 23 18:26:42 2019


FIT:    data read from "SecuencialPeorTeorico.dat" using 1:2
        format = x:z
        #datapoints = 10
        residuals are weighted equally (unit weight)

function used for fitting: N(x)
fitted parameters initialized with current variable values



 Iteration 0
 WSSR        : 1.38653e+010      delta(WSSR)/WSSR   : 0
 delta(WSSR) : 0                 limit for stopping : 1e-005
 lambda	  : 4387.48

initial set of free parameter values

a               = 1
b               = 1

After 11 iterations the fit converged.
final sum of squares of residuals : 0
abs. change during last iteration : -8.27181e-025


Hmmmm.... Sum of squared residuals is zero. Can't compute errors.

Final set of parameters 
======================= 

a               = 7              
b               = 9              


*******************************************************************************
Sat Mar 23 18:26:52 2019


FIT:    data read from "SecuencialPeorTeorico.dat" using 1:2
        format = x:z
        #datapoints = 10
        residuals are weighted equally (unit weight)

function used for fitting: N(x)
fitted parameters initialized with current variable values



 Iteration 0
 WSSR        : 1.38653e+010      delta(WSSR)/WSSR   : 0
 delta(WSSR) : 0                 limit for stopping : 1e-005
 lambda	  : 4387.48

initial set of free parameter values

a               = 1
b               = 1

After 11 iterations the fit converged.
final sum of squares of residuals : 0
abs. change during last iteration : -8.27181e-025


Hmmmm.... Sum of squared residuals is zero. Can't compute errors.

Final set of parameters 
======================= 

a               = 7              
b               = 9              


*******************************************************************************
Sat Mar 23 18:28:41 2019


FIT:    data read from "SecuencialMedioTeorico.dat" using 1:2
        format = x:z
        #datapoints = 10
        residuals are weighted equally (unit weight)

function used for fitting: N(x)
fitted parameters initialized with current variable values



 Iteration 0
 WSSR        : 2.40845e+009      delta(WSSR)/WSSR   : 0
 delta(WSSR) : 0                 limit for stopping : 1e-005
 lambda	  : 4387.48

initial set of free parameter values

a               = 1
b               = 1

After 9 iterations the fit converged.
final sum of squares of residuals : 0
abs. change during last iteration : -1.25731e-022


Hmmmm.... Sum of squared residuals is zero. Can't compute errors.

Final set of parameters 
======================= 

a               = 3.5            
b               = 9              


*******************************************************************************
Sat Mar 23 18:31:50 2019


FIT:    data read from "SecuencialPeorTeorico.dat" using 1:2
        format = x:z
        #datapoints = 10
        residuals are weighted equally (unit weight)

function used for fitting: N(x)
fitted parameters initialized with current variable values



 Iteration 0
 WSSR        : 1.38653e+010      delta(WSSR)/WSSR   : 0
 delta(WSSR) : 0                 limit for stopping : 1e-005
 lambda	  : 4387.48

initial set of free parameter values

a               = 1
b               = 1

After 11 iterations the fit converged.
final sum of squares of residuals : 0
abs. change during last iteration : -8.27181e-025


Hmmmm.... Sum of squared residuals is zero. Can't compute errors.

Final set of parameters 
======================= 

a               = 7              
b               = 9              
